Line 14: Class TabDlg.SSTab of control SSTab1 was not a loaded control class.
Line 260: Class TabDlg.SSTab of control SSTab3 was not a loaded control class.
Line 1191: Class TabDlg.SSTab of control SSTab2 was not a loaded control class.
Line 20: The property name _ExtentX in SSTab1 is invalid.
Line 21: The property name _ExtentY in SSTab1 is invalid.
Line 22: The property name _Version in SSTab1 is invalid.
Line 23: The property name Tabs in SSTab1 is invalid.
Line 24: The property name TabsPerRow in SSTab1 is invalid.
Line 25: The property name TabHeight in SSTab1 is invalid.
Line 26: The property name TabCaption(0) in SSTab1 is invalid.
Line 27: The property name TabPicture(0) in SSTab1 is invalid.
Line 28: The property name Tab(0).ControlEnabled in SSTab1 is invalid.
Line 29: The property name Tab(0).Control(0) in SSTab1 is invalid.
Line 30: The property name Tab(0).Control(0).Enabled in SSTab1 is invalid.
Line 31: The property name Tab(0).Control(1) in SSTab1 is invalid.
Line 32: The property name Tab(0).Control(1).Enabled in SSTab1 is invalid.
Line 33: The property name Tab(0).Control(2) in SSTab1 is invalid.
Line 34: The property name Tab(0).Control(2).Enabled in SSTab1 is invalid.
Line 35: The property name Tab(0).Control(3) in SSTab1 is invalid.
Line 36: The property name Tab(0).Control(3).Enabled in SSTab1 is invalid.
Line 37: The property name Tab(0).Control(4) in SSTab1 is invalid.
Line 38: The property name Tab(0).Control(4).Enabled in SSTab1 is invalid.
Line 39: The property name Tab(0).Control(5) in SSTab1 is invalid.
Line 40: The property name Tab(0).Control(5).Enabled in SSTab1 is invalid.
Line 41: The property name Tab(0).Control(6) in SSTab1 is invalid.
Line 42: The property name Tab(0).Control(6).Enabled in SSTab1 is invalid.
Line 43: The property name Tab(0).Control(7) in SSTab1 is invalid.
Line 44: The property name Tab(0).Control(7).Enabled in SSTab1 is invalid.
Line 45: The property name Tab(0).Control(8) in SSTab1 is invalid.
Line 46: The property name Tab(0).Control(8).Enabled in SSTab1 is invalid.
Line 47: The property name Tab(0).Control(9) in SSTab1 is invalid.
Line 48: The property name Tab(0).Control(9).Enabled in SSTab1 is invalid.
Line 49: The property name Tab(0).Control(10) in SSTab1 is invalid.
Line 50: The property name Tab(0).Control(10).Enabled in SSTab1 is invalid.
Line 51: The property name Tab(0).Control(11) in SSTab1 is invalid.
Line 52: The property name Tab(0).Control(11).Enabled in SSTab1 is invalid.
Line 53: The property name Tab(0).Control(12) in SSTab1 is invalid.
Line 54: The property name Tab(0).Control(12).Enabled in SSTab1 is invalid.
Line 55: The property name Tab(0).Control(13) in SSTab1 is invalid.
Line 56: The property name Tab(0).Control(13).Enabled in SSTab1 is invalid.
Line 57: The property name Tab(0).Control(14) in SSTab1 is invalid.
Line 58: The property name Tab(0).Control(14).Enabled in SSTab1 is invalid.
Line 59: The property name Tab(0).Control(15) in SSTab1 is invalid.
Line 60: The property name Tab(0).Control(15).Enabled in SSTab1 is invalid.
Line 61: The property name Tab(0).Control(16) in SSTab1 is invalid.
Line 62: The property name Tab(0).Control(16).Enabled in SSTab1 is invalid.
Line 63: The property name Tab(0).Control(17) in SSTab1 is invalid.
Line 64: The property name Tab(0).Control(17).Enabled in SSTab1 is invalid.
Line 65: The property name Tab(0).Control(18) in SSTab1 is invalid.
Line 66: The property name Tab(0).Control(18).Enabled in SSTab1 is invalid.
Line 67: The property name Tab(0).Control(19) in SSTab1 is invalid.
Line 68: The property name Tab(0).Control(19).Enabled in SSTab1 is invalid.
Line 69: The property name Tab(0).Control(20) in SSTab1 is invalid.
Line 70: The property name Tab(0).Control(20).Enabled in SSTab1 is invalid.
Line 71: The property name Tab(0).Control(21) in SSTab1 is invalid.
Line 72: The property name Tab(0).Control(21).Enabled in SSTab1 is invalid.
Line 73: The property name Tab(0).Control(22) in SSTab1 is invalid.
Line 74: The property name Tab(0).Control(22).Enabled in SSTab1 is invalid.
Line 75: The property name Tab(0).Control(23) in SSTab1 is invalid.
Line 76: The property name Tab(0).Control(23).Enabled in SSTab1 is invalid.
Line 77: The property name Tab(0).Control(24) in SSTab1 is invalid.
Line 78: The property name Tab(0).Control(24).Enabled in SSTab1 is invalid.
Line 79: The property name Tab(0).Control(25) in SSTab1 is invalid.
Line 80: The property name Tab(0).Control(25).Enabled in SSTab1 is invalid.
Line 81: The property name Tab(0).Control(26) in SSTab1 is invalid.
Line 82: The property name Tab(0).Control(26).Enabled in SSTab1 is invalid.
Line 83: The property name Tab(0).Control(27) in SSTab1 is invalid.
Line 84: The property name Tab(0).Control(27).Enabled in SSTab1 is invalid.
Line 85: The property name Tab(0).Control(28) in SSTab1 is invalid.
Line 86: The property name Tab(0).Control(28).Enabled in SSTab1 is invalid.
Line 87: The property name Tab(0).ControlCount in SSTab1 is invalid.
Line 88: The property name TabCaption(1) in SSTab1 is invalid.
Line 89: The property name TabPicture(1) in SSTab1 is invalid.
Line 90: The property name Tab(1).ControlEnabled in SSTab1 is invalid.
Line 91: The property name Tab(1).Control(0) in SSTab1 is invalid.
Line 92: The property name Tab(1).Control(1) in SSTab1 is invalid.
Line 93: The property name Tab(1).Control(2) in SSTab1 is invalid.
Line 94: The property name Tab(1).Control(3) in SSTab1 is invalid.
Line 95: The property name Tab(1).ControlCount in SSTab1 is invalid.
Line 96: The property name TabCaption(2) in SSTab1 is invalid.
Line 97: The property name TabPicture(2) in SSTab1 is invalid.
Line 98: The property name Tab(2).ControlEnabled in SSTab1 is invalid.
Line 99: The property name Tab(2).Control(0) in SSTab1 is invalid.
Line 100: The property name Tab(2).ControlCount in SSTab1 is invalid.
Line 101: The property name TabCaption(3) in SSTab1 is invalid.
Line 102: The property name TabPicture(3) in SSTab1 is invalid.
Line 103: The property name Tab(3).ControlEnabled in SSTab1 is invalid.
Line 104: The property name Tab(3).Control(0) in SSTab1 is invalid.
Line 105: The property name Tab(3).ControlCount in SSTab1 is invalid.
Line 106: The property name TabCaption(4) in SSTab1 is invalid.
Line 107: The property name TabPicture(4) in SSTab1 is invalid.
Line 108: The property name Tab(4).ControlEnabled in SSTab1 is invalid.
Line 109: The property name Tab(4).Control(0) in SSTab1 is invalid.
Line 110: The property name Tab(4).Control(1) in SSTab1 is invalid.
Line 111: The property name Tab(4).Control(2) in SSTab1 is invalid.
Line 112: The property name Tab(4).Control(3) in SSTab1 is invalid.
Line 113: The property name Tab(4).Control(4) in SSTab1 is invalid.
Line 114: The property name Tab(4).Control(5) in SSTab1 is invalid.
Line 115: The property name Tab(4).ControlCount in SSTab1 is invalid.
Line 116: The property name TabCaption(5) in SSTab1 is invalid.
Line 117: The property name TabPicture(5) in SSTab1 is invalid.
Line 118: The property name Tab(5).ControlEnabled in SSTab1 is invalid.
Line 119: The property name Tab(5).Control(0) in SSTab1 is invalid.
Line 120: The property name Tab(5).Control(1) in SSTab1 is invalid.
Line 121: The property name Tab(5).Control(2) in SSTab1 is invalid.
Line 122: The property name Tab(5).Control(3) in SSTab1 is invalid.
Line 123: The property name Tab(5).ControlCount in SSTab1 is invalid.
Line 124: The property name TabCaption(6) in SSTab1 is invalid.
Line 125: The property name TabPicture(6) in SSTab1 is invalid.
Line 126: The property name Tab(6).ControlEnabled in SSTab1 is invalid.
Line 127: The property name Tab(6).Control(0) in SSTab1 is invalid.
Line 128: The property name Tab(6).Control(1) in SSTab1 is invalid.
Line 129: The property name Tab(6).Control(2) in SSTab1 is invalid.
Line 130: The property name Tab(6).Control(3) in SSTab1 is invalid.
Line 131: The property name Tab(6).Control(4) in SSTab1 is invalid.
Line 132: The property name Tab(6).Control(5) in SSTab1 is invalid.
Line 133: The property name Tab(6).Control(6) in SSTab1 is invalid.
Line 134: The property name Tab(6).ControlCount in SSTab1 is invalid.
Line 266: The property name _ExtentX in SSTab3 is invalid.
Line 267: The property name _ExtentY in SSTab3 is invalid.
Line 268: The property name _Version in SSTab3 is invalid.
Line 269: The property name Tabs in SSTab3 is invalid.
Line 270: The property name TabsPerRow in SSTab3 is invalid.
Line 271: The property name TabHeight in SSTab3 is invalid.
Line 272: The property name TabCaption(0) in SSTab3 is invalid.
Line 273: The property name TabPicture(0) in SSTab3 is invalid.
Line 274: The property name Tab(0).ControlEnabled in SSTab3 is invalid.
Line 275: The property name Tab(0).Control(0) in SSTab3 is invalid.
Line 276: The property name Tab(0).Control(0).Enabled in SSTab3 is invalid.
Line 277: The property name Tab(0).Control(1) in SSTab3 is invalid.
Line 278: The property name Tab(0).Control(1).Enabled in SSTab3 is invalid.
Line 279: The property name Tab(0).Control(2) in SSTab3 is invalid.
Line 280: The property name Tab(0).Control(2).Enabled in SSTab3 is invalid.
Line 281: The property name Tab(0).Control(3) in SSTab3 is invalid.
Line 282: The property name Tab(0).Control(3).Enabled in SSTab3 is invalid.
Line 283: The property name Tab(0).Control(4) in SSTab3 is invalid.
Line 284: The property name Tab(0).Control(4).Enabled in SSTab3 is invalid.
Line 285: The property name Tab(0).Control(5) in SSTab3 is invalid.
Line 286: The property name Tab(0).Control(5).Enabled in SSTab3 is invalid.
Line 287: The property name Tab(0).Control(6) in SSTab3 is invalid.
Line 288: The property name Tab(0).Control(6).Enabled in SSTab3 is invalid.
Line 289: The property name Tab(0).Control(7) in SSTab3 is invalid.
Line 290: The property name Tab(0).Control(7).Enabled in SSTab3 is invalid.
Line 291: The property name Tab(0).Control(8) in SSTab3 is invalid.
Line 292: The property name Tab(0).Control(8).Enabled in SSTab3 is invalid.
Line 293: The property name Tab(0).Control(9) in SSTab3 is invalid.
Line 294: The property name Tab(0).Control(9).Enabled in SSTab3 is invalid.
Line 295: The property name Tab(0).Control(10) in SSTab3 is invalid.
Line 296: The property name Tab(0).Control(10).Enabled in SSTab3 is invalid.
Line 297: The property name Tab(0).Control(11) in SSTab3 is invalid.
Line 298: The property name Tab(0).Control(11).Enabled in SSTab3 is invalid.
Line 299: The property name Tab(0).Control(12) in SSTab3 is invalid.
Line 300: The property name Tab(0).Control(12).Enabled in SSTab3 is invalid.
Line 301: The property name Tab(0).Control(13) in SSTab3 is invalid.
Line 302: The property name Tab(0).Control(13).Enabled in SSTab3 is invalid.
Line 303: The property name Tab(0).Control(14) in SSTab3 is invalid.
Line 304: The property name Tab(0).Control(14).Enabled in SSTab3 is invalid.
Line 305: The property name Tab(0).ControlCount in SSTab3 is invalid.
Line 306: The property name TabCaption(1) in SSTab3 is invalid.
Line 307: The property name TabPicture(1) in SSTab3 is invalid.
Line 308: The property name Tab(1).ControlEnabled in SSTab3 is invalid.
Line 309: The property name Tab(1).Control(0) in SSTab3 is invalid.
Line 310: The property name Tab(1).Control(1) in SSTab3 is invalid.
Line 311: The property name Tab(1).Control(2) in SSTab3 is invalid.
Line 312: The property name Tab(1).Control(3) in SSTab3 is invalid.
Line 313: The property name Tab(1).Control(4) in SSTab3 is invalid.
Line 314: The property name Tab(1).Control(5) in SSTab3 is invalid.
Line 315: The property name Tab(1).Control(6) in SSTab3 is invalid.
Line 316: The property name Tab(1).Control(7) in SSTab3 is invalid.
Line 317: The property name Tab(1).Control(8) in SSTab3 is invalid.
Line 318: The property name Tab(1).Control(9) in SSTab3 is invalid.
Line 319: The property name Tab(1).Control(10) in SSTab3 is invalid.
Line 320: The property name Tab(1).Control(11) in SSTab3 is invalid.
Line 321: The property name Tab(1).Control(12) in SSTab3 is invalid.
Line 322: The property name Tab(1).Control(13) in SSTab3 is invalid.
Line 323: The property name Tab(1).Control(14) in SSTab3 is invalid.
Line 324: The property name Tab(1).Control(15) in SSTab3 is invalid.
Line 325: The property name Tab(1).Control(16) in SSTab3 is invalid.
Line 326: The property name Tab(1).Control(17) in SSTab3 is invalid.
Line 327: The property name Tab(1).Control(18) in SSTab3 is invalid.
Line 328: The property name Tab(1).Control(19) in SSTab3 is invalid.
Line 329: The property name Tab(1).Control(20) in SSTab3 is invalid.
Line 330: The property name Tab(1).Control(21) in SSTab3 is invalid.
Line 331: The property name Tab(1).Control(22) in SSTab3 is invalid.
Line 332: The property name Tab(1).Control(23) in SSTab3 is invalid.
Line 333: The property name Tab(1).ControlCount in SSTab3 is invalid.
Line 334: The property name TabCaption(2) in SSTab3 is invalid.
Line 335: The property name TabPicture(2) in SSTab3 is invalid.
Line 336: The property name Tab(2).ControlEnabled in SSTab3 is invalid.
Line 337: The property name Tab(2).Control(0) in SSTab3 is invalid.
Line 338: The property name Tab(2).Control(1) in SSTab3 is invalid.
Line 339: The property name Tab(2).Control(2) in SSTab3 is invalid.
Line 340: The property name Tab(2).Control(3) in SSTab3 is invalid.
Line 341: The property name Tab(2).Control(4) in SSTab3 is invalid.
Line 342: The property name Tab(2).Control(5) in SSTab3 is invalid.
Line 343: The property name Tab(2).Control(6) in SSTab3 is invalid.
Line 344: The property name Tab(2).Control(7) in SSTab3 is invalid.
Line 345: The property name Tab(2).Control(8) in SSTab3 is invalid.
Line 346: The property name Tab(2).Control(9) in SSTab3 is invalid.
Line 347: The property name Tab(2).Control(10) in SSTab3 is invalid.
Line 348: The property name Tab(2).Control(11) in SSTab3 is invalid.
Line 349: The property name Tab(2).Control(12) in SSTab3 is invalid.
Line 350: The property name Tab(2).Control(13) in SSTab3 is invalid.
Line 351: The property name Tab(2).Control(14) in SSTab3 is invalid.
Line 352: The property name Tab(2).Control(15) in SSTab3 is invalid.
Line 353: The property name Tab(2).Control(16) in SSTab3 is invalid.
Line 354: The property name Tab(2).Control(17) in SSTab3 is invalid.
Line 355: The property name Tab(2).Control(18) in SSTab3 is invalid.
Line 356: The property name Tab(2).Control(19) in SSTab3 is invalid.
Line 357: The property name Tab(2).ControlCount in SSTab3 is invalid.
Line 358: The property name TabCaption(3) in SSTab3 is invalid.
Line 359: The property name TabPicture(3) in SSTab3 is invalid.
Line 360: The property name Tab(3).ControlEnabled in SSTab3 is invalid.
Line 361: The property name Tab(3).Control(0) in SSTab3 is invalid.
Line 362: The property name Tab(3).Control(1) in SSTab3 is invalid.
Line 363: The property name Tab(3).Control(2) in SSTab3 is invalid.
Line 364: The property name Tab(3).Control(3) in SSTab3 is invalid.
Line 365: The property name Tab(3).Control(4) in SSTab3 is invalid.
Line 366: The property name Tab(3).Control(5) in SSTab3 is invalid.
Line 367: The property name Tab(3).Control(6) in SSTab3 is invalid.
Line 368: The property name Tab(3).Control(7) in SSTab3 is invalid.
Line 369: The property name Tab(3).ControlCount in SSTab3 is invalid.
Line 370: The property name TabCaption(4) in SSTab3 is invalid.
Line 371: The property name TabPicture(4) in SSTab3 is invalid.
Line 372: The property name Tab(4).ControlEnabled in SSTab3 is invalid.
Line 373: The property name Tab(4).Control(0) in SSTab3 is invalid.
Line 374: The property name Tab(4).Control(1) in SSTab3 is invalid.
Line 375: The property name Tab(4).Control(2) in SSTab3 is invalid.
Line 376: The property name Tab(4).Control(3) in SSTab3 is invalid.
Line 377: The property name Tab(4).Control(4) in SSTab3 is invalid.
Line 378: The property name Tab(4).Control(5) in SSTab3 is invalid.
Line 379: The property name Tab(4).Control(6) in SSTab3 is invalid.
Line 380: The property name Tab(4).Control(7) in SSTab3 is invalid.
Line 381: The property name Tab(4).Control(8) in SSTab3 is invalid.
Line 382: The property name Tab(4).Control(9) in SSTab3 is invalid.
Line 383: The property name Tab(4).Control(10) in SSTab3 is invalid.
Line 384: The property name Tab(4).Control(11) in SSTab3 is invalid.
Line 385: The property name Tab(4).Control(12) in SSTab3 is invalid.
Line 386: The property name Tab(4).Control(13) in SSTab3 is invalid.
Line 387: The property name Tab(4).Control(14) in SSTab3 is invalid.
Line 388: The property name Tab(4).Control(15) in SSTab3 is invalid.
Line 389: The property name Tab(4).Control(16) in SSTab3 is invalid.
Line 390: The property name Tab(4).Control(17) in SSTab3 is invalid.
Line 391: The property name Tab(4).Control(18) in SSTab3 is invalid.
Line 392: The property name Tab(4).Control(19) in SSTab3 is invalid.
Line 393: The property name Tab(4).Control(20) in SSTab3 is invalid.
Line 394: The property name Tab(4).Control(21) in SSTab3 is invalid.
Line 395: The property name Tab(4).Control(22) in SSTab3 is invalid.
Line 396: The property name Tab(4).Control(23) in SSTab3 is invalid.
Line 397: The property name Tab(4).Control(24) in SSTab3 is invalid.
Line 398: The property name Tab(4).Control(25) in SSTab3 is invalid.
Line 399: The property name Tab(4).ControlCount in SSTab3 is invalid.
Line 1197: The property name _ExtentX in SSTab2 is invalid.
Line 1198: The property name _ExtentY in SSTab2 is invalid.
Line 1199: The property name _Version in SSTab2 is invalid.
Line 1200: The property name Tabs in SSTab2 is invalid.
Line 1201: The property name Tab in SSTab2 is invalid.
Line 1202: The property name TabsPerRow in SSTab2 is invalid.
Line 1203: The property name TabHeight in SSTab2 is invalid.
Line 1204: The property name TabCaption(0) in SSTab2 is invalid.
Line 1205: The property name TabPicture(0) in SSTab2 is invalid.
Line 1206: The property name Tab(0).ControlEnabled in SSTab2 is invalid.
Line 1207: The property name Tab(0).Control(0) in SSTab2 is invalid.
Line 1208: The property name Tab(0).Control(1) in SSTab2 is invalid.
Line 1209: The property name Tab(0).Control(2) in SSTab2 is invalid.
Line 1210: The property name Tab(0).Control(3) in SSTab2 is invalid.
Line 1211: The property name Tab(0).Control(4) in SSTab2 is invalid.
Line 1212: The property name Tab(0).Control(5) in SSTab2 is invalid.
Line 1213: The property name Tab(0).Control(6) in SSTab2 is invalid.
Line 1214: The property name Tab(0).Control(7) in SSTab2 is invalid.
Line 1215: The property name Tab(0).Control(8) in SSTab2 is invalid.
Line 1216: The property name Tab(0).Control(9) in SSTab2 is invalid.
Line 1217: The property name Tab(0).Control(10) in SSTab2 is invalid.
Line 1218: The property name Tab(0).Control(11) in SSTab2 is invalid.
Line 1219: The property name Tab(0).Control(12) in SSTab2 is invalid.
Line 1220: The property name Tab(0).Control(13) in SSTab2 is invalid.
Line 1221: The property name Tab(0).Control(14) in SSTab2 is invalid.
Line 1222: The property name Tab(0).Control(15) in SSTab2 is invalid.
Line 1223: The property name Tab(0).ControlCount in SSTab2 is invalid.
Line 1224: The property name TabCaption(1) in SSTab2 is invalid.
Line 1225: The property name TabPicture(1) in SSTab2 is invalid.
Line 1226: The property name Tab(1).ControlEnabled in SSTab2 is invalid.
Line 1227: The property name Tab(1).Control(0) in SSTab2 is invalid.
Line 1228: The property name Tab(1).Control(0).Enabled in SSTab2 is invalid.
Line 1229: The property name Tab(1).Control(1) in SSTab2 is invalid.
Line 1230: The property name Tab(1).Control(1).Enabled in SSTab2 is invalid.
Line 1231: The property name Tab(1).Control(2) in SSTab2 is invalid.
Line 1232: The property name Tab(1).Control(2).Enabled in SSTab2 is invalid.
Line 1233: The property name Tab(1).Control(3) in SSTab2 is invalid.
Line 1234: The property name Tab(1).Control(3).Enabled in SSTab2 is invalid.
Line 1235: The property name Tab(1).Control(4) in SSTab2 is invalid.
Line 1236: The property name Tab(1).Control(4).Enabled in SSTab2 is invalid.
Line 1237: The property name Tab(1).Control(5) in SSTab2 is invalid.
Line 1238: The property name Tab(1).Control(5).Enabled in SSTab2 is invalid.
Line 1239: The property name Tab(1).Control(6) in SSTab2 is invalid.
Line 1240: The property name Tab(1).Control(6).Enabled in SSTab2 is invalid.
Line 1241: The property name Tab(1).Control(7) in SSTab2 is invalid.
Line 1242: The property name Tab(1).Control(7).Enabled in SSTab2 is invalid.
Line 1243: The property name Tab(1).Control(8) in SSTab2 is invalid.
Line 1244: The property name Tab(1).Control(8).Enabled in SSTab2 is invalid.
Line 1245: The property name Tab(1).Control(9) in SSTab2 is invalid.
Line 1246: The property name Tab(1).Control(9).Enabled in SSTab2 is invalid.
Line 1247: The property name Tab(1).Control(10) in SSTab2 is invalid.
Line 1248: The property name Tab(1).Control(10).Enabled in SSTab2 is invalid.
Line 1249: The property name Tab(1).Control(11) in SSTab2 is invalid.
Line 1250: The property name Tab(1).Control(11).Enabled in SSTab2 is invalid.
Line 1251: The property name Tab(1).Control(12) in SSTab2 is invalid.
Line 1252: The property name Tab(1).Control(12).Enabled in SSTab2 is invalid.
Line 1253: The property name Tab(1).Control(13) in SSTab2 is invalid.
Line 1254: The property name Tab(1).Control(13).Enabled in SSTab2 is invalid.
Line 1255: The property name Tab(1).Control(14) in SSTab2 is invalid.
Line 1256: The property name Tab(1).Control(14).Enabled in SSTab2 is invalid.
Line 1257: The property name Tab(1).Control(15) in SSTab2 is invalid.
Line 1258: The property name Tab(1).Control(15).Enabled in SSTab2 is invalid.
Line 1259: The property name Tab(1).Control(16) in SSTab2 is invalid.
Line 1260: The property name Tab(1).Control(16).Enabled in SSTab2 is invalid.
Line 1261: The property name Tab(1).Control(17) in SSTab2 is invalid.
Line 1262: The property name Tab(1).Control(17).Enabled in SSTab2 is invalid.
Line 1263: The property name Tab(1).Control(18) in SSTab2 is invalid.
Line 1264: The property name Tab(1).Control(18).Enabled in SSTab2 is invalid.
Line 1265: The property name Tab(1).Control(19) in SSTab2 is invalid.
Line 1266: The property name Tab(1).Control(19).Enabled in SSTab2 is invalid.
Line 1267: The property name Tab(1).Control(20) in SSTab2 is invalid.
Line 1268: The property name Tab(1).Control(20).Enabled in SSTab2 is invalid.
Line 1269: The property name Tab(1).Control(21) in SSTab2 is invalid.
Line 1270: The property name Tab(1).Control(21).Enabled in SSTab2 is invalid.
Line 1271: The property name Tab(1).Control(22) in SSTab2 is invalid.
Line 1272: The property name Tab(1).Control(22).Enabled in SSTab2 is invalid.
Line 1273: The property name Tab(1).Control(23) in SSTab2 is invalid.
Line 1274: The property name Tab(1).Control(23).Enabled in SSTab2 is invalid.
Line 1275: The property name Tab(1).Control(24) in SSTab2 is invalid.
Line 1276: The property name Tab(1).Control(24).Enabled in SSTab2 is invalid.
Line 1277: The property name Tab(1).Control(25) in SSTab2 is invalid.
Line 1278: The property name Tab(1).Control(25).Enabled in SSTab2 is invalid.
Line 1279: The property name Tab(1).ControlCount in SSTab2 is invalid.
